
7월 30, 2025 13:56:44.10 NEW SESSION
7월 30, 2025 13:56:44.12 WARNING: All log messages before absl::InitializeLog() is called are written to STDERR
7월 30, 2025 13:56:44.12 I0000 00:00:1753851404.107264   16144 voice_transcription.cc:58] Registering VoiceTranscriptionCapability
7월 30, 2025 13:56:44.13 Created TensorFlow Lite XNNPACK delegate for CPU.
7월 30, 2025 13:56:44.32 [1340:13216:0730/135644.329:ERROR:google_apis\gcm\engine\registration_request.cc:291] Registration response error message: DEPRECATED_ENDPOINT
7월 30, 2025 13:57:13.15 [1340:13216:0730/135713.153:ERROR:google_apis\gcm\engine\registration_request.cc:291] Registration response error message: DEPRECATED_ENDPOINT
7월 30, 2025 13:58:07.29 [1340:13216:0730/135807.290:ERROR:google_apis\gcm\engine\registration_request.cc:291] Registration response error message: DEPRECATED_ENDPOINT
7월 30, 2025 14:00:07.07 [1340:13216:0730/140007.073:ERROR:google_apis\gcm\engine\registration_request.cc:291] Registration response error message: DEPRECATED_ENDPOINT
7월 30, 2025 14:03:37.19 [1340:13216:0730/140337.193:ERROR:google_apis\gcm\engine\registration_request.cc:291] Registration response error message: DEPRECATED_ENDPOINT
7월 30, 2025 14:10:01.95 [1340:13216:0730/141001.950:ERROR:google_apis\gcm\engine\registration_request.cc:291] Registration response error message: DEPRECATED_ENDPOINT
7월 30, 2025 16:26:15.36 WARNING: All log messages before absl::InitializeLog() is called are written to STDERR
7월 30, 2025 16:26:15.36 I0000 00:00:1753860375.363843   12388 voice_transcription.cc:58] Registering VoiceTranscriptionCapability
7월 30, 2025 16:26:15.39 Created TensorFlow Lite XNNPACK delegate for CPU.
7월 30, 2025 16:26:15.64 [11040:13424:0730/162615.645:ERROR:google_apis\gcm\engine\registration_request.cc:291] Registration response error message: DEPRECATED_ENDPOINT
7월 30, 2025 16:26:44.37 [11040:13424:0730/162644.379:ERROR:google_apis\gcm\engine\registration_request.cc:291] Registration response error message: DEPRECATED_ENDPOINT
7월 30, 2025 16:27:39.33 [11040:13424:0730/162739.333:ERROR:google_apis\gcm\engine\registration_request.cc:291] Registration response error message: DEPRECATED_ENDPOINT
7월 30, 2025 16:29:00.23 [11040:13424:0730/162900.239:ERROR:google_apis\gcm\engine\registration_request.cc:291] Registration response error message: DEPRECATED_ENDPOINT
7월 30, 2025 16:31:41.46 [11040:13424:0730/163141.469:ERROR:google_apis\gcm\engine\registration_request.cc:291] Registration response error message: DEPRECATED_ENDPOINT
7월 30, 2025 16:39:20.64 [11040:13424:0730/163920.647:ERROR:google_apis\gcm\engine\registration_request.cc:291] Registration response error message: DEPRECATED_ENDPOINT
7월 30, 2025 16:51:34.87 WARNING: All log messages before absl::InitializeLog() is called are written to STDERR
7월 30, 2025 16:51:34.87 I0000 00:00:1753861894.876101    9940 voice_transcription.cc:58] Registering VoiceTranscriptionCapability
7월 30, 2025 16:51:34.90 Created TensorFlow Lite XNNPACK delegate for CPU.
7월 30, 2025 16:51:35.13 [4888:15124:0730/165135.130:ERROR:google_apis\gcm\engine\registration_request.cc:291] Registration response error message: DEPRECATED_ENDPOINT
7월 30, 2025 16:52:01.47 [4888:15124:0730/165201.473:ERROR:google_apis\gcm\engine\registration_request.cc:291] Registration response error message: DEPRECATED_ENDPOINT
7월 30, 2025 16:52:57.59 [4888:15124:0730/165257.591:ERROR:google_apis\gcm\engine\registration_request.cc:291] Registration response error message: DEPRECATED_ENDPOINT
7월 30, 2025 16:54:36.26 [4888:15124:0730/165436.269:ERROR:google_apis\gcm\engine\registration_request.cc:291] Registration response error message: DEPRECATED_ENDPOINT
7월 30, 2025 16:57:59.95 [4888:15124:0730/165759.955:ERROR:google_apis\gcm\engine\registration_request.cc:291] Registration response error message: DEPRECATED_ENDPOINT
7월 30, 2025 17:03:40.88 [4888:15124:0730/170340.883:ERROR:google_apis\gcm\engine\registration_request.cc:291] Registration response error message: DEPRECATED_ENDPOINT

7월 31, 2025 14:39:38.53 NEW SESSION
7월 31, 2025 14:39:38.54 WARNING: All log messages before absl::InitializeLog() is called are written to STDERR
7월 31, 2025 14:39:38.55 I0000 00:00:1753940378.523781    9664 voice_transcription.cc:58] Registering VoiceTranscriptionCapability
7월 31, 2025 14:39:38.55 Created TensorFlow Lite XNNPACK delegate for CPU.
7월 31, 2025 14:39:38.74 [13824:11424:0731/143938.740:ERROR:google_apis\gcm\engine\registration_request.cc:291] Registration response error message: DEPRECATED_ENDPOINT
7월 31, 2025 14:40:02.01 [13824:11424:0731/144002.010:ERROR:google_apis\gcm\engine\registration_request.cc:291] Registration response error message: DEPRECATED_ENDPOINT
7월 31, 2025 14:40:44.26 [13824:11424:0731/144044.266:ERROR:google_apis\gcm\engine\registration_request.cc:291] Registration response error message: DEPRECATED_ENDPOINT
7월 31, 2025 14:42:34.11 [13824:11424:0731/144234.118:ERROR:google_apis\gcm\engine\registration_request.cc:291] Registration response error message: DEPRECATED_ENDPOINT
7월 31, 2025 14:45:55.42 [13824:11424:0731/144555.421:ERROR:google_apis\gcm\engine\registration_request.cc:291] Registration response error message: QUOTA_EXCEEDED

8월 01, 2025 17:10:56.94 NEW SESSION
8월 01, 2025 17:10:56.96 WARNING: All log messages before absl::InitializeLog() is called are written to STDERR
8월 01, 2025 17:10:56.97 I0000 00:00:1754035856.938185    8020 voice_transcription.cc:58] Registering VoiceTranscriptionCapability
8월 01, 2025 17:10:56.97 Created TensorFlow Lite XNNPACK delegate for CPU.
8월 01, 2025 17:10:57.29 [9148:10372:0801/171057.291:ERROR:google_apis\gcm\engine\registration_request.cc:291] Registration response error message: DEPRECATED_ENDPOINT
8월 01, 2025 17:11:18.52 [9148:10372:0801/171118.527:ERROR:google_apis\gcm\engine\registration_request.cc:291] Registration response error message: DEPRECATED_ENDPOINT
8월 01, 2025 17:12:06.69 [9148:10372:0801/171206.694:ERROR:google_apis\gcm\engine\registration_request.cc:291] Registration response error message: DEPRECATED_ENDPOINT
8월 01, 2025 17:13:28.57 [9148:10372:0801/171328.570:ERROR:google_apis\gcm\engine\registration_request.cc:291] Registration response error message: DEPRECATED_ENDPOINT
8월 01, 2025 17:16:26.38 [9148:10372:0801/171626.384:ERROR:google_apis\gcm\engine\registration_request.cc:291] Registration response error message: DEPRECATED_ENDPOINT
8월 01, 2025 17:21:53.11 [9148:10372:0801/172153.112:ERROR:google_apis\gcm\engine\registration_request.cc:291] Registration response error message: DEPRECATED_ENDPOINT

8월 04, 2025 14:45:35.92 NEW SESSION
8월 04, 2025 14:45:35.94 WARNING: All log messages before absl::InitializeLog() is called are written to STDERR
8월 04, 2025 14:45:35.94 I0000 00:00:1754286335.927456    5740 voice_transcription.cc:58] Registering VoiceTranscriptionCapability
8월 04, 2025 14:45:35.95 Created TensorFlow Lite XNNPACK delegate for CPU.
8월 04, 2025 14:45:36.25 [15204:5496:0804/144536.259:ERROR:google_apis\gcm\engine\registration_request.cc:291] Registration response error message: DEPRECATED_ENDPOINT
8월 04, 2025 14:45:58.01 [15204:5496:0804/144558.009:ERROR:google_apis\gcm\engine\registration_request.cc:291] Registration response error message: QUOTA_EXCEEDED

8월 05, 2025 13:54:30.92 NEW SESSION
8월 05, 2025 13:54:30.92 WARNING: All log messages before absl::InitializeLog() is called are written to STDERR
8월 05, 2025 13:54:30.95 I0000 00:00:1754369670.921039   11980 voice_transcription.cc:58] Registering VoiceTranscriptionCapability
8월 05, 2025 13:54:30.95 Created TensorFlow Lite XNNPACK delegate for CPU.
8월 05, 2025 13:54:31.18 [11016:14896:0805/135431.188:ERROR:google_apis\gcm\engine\registration_request.cc:291] Registration response error message: DEPRECATED_ENDPOINT
8월 05, 2025 13:54:59.12 [11016:14896:0805/135459.120:ERROR:google_apis\gcm\engine\registration_request.cc:291] Registration response error message: DEPRECATED_ENDPOINT
8월 05, 2025 13:55:40.00 [11016:14896:0805/135540.000:ERROR:google_apis\gcm\engine\registration_request.cc:291] Registration response error message: DEPRECATED_ENDPOINT
8월 05, 2025 13:57:20.25 [11016:14896:0805/135720.250:ERROR:google_apis\gcm\engine\registration_request.cc:291] Registration response error message: DEPRECATED_ENDPOINT
8월 05, 2025 14:00:31.56 [11016:14896:0805/140031.564:ERROR:google_apis\gcm\engine\registration_request.cc:291] Registration response error message: DEPRECATED_ENDPOINT
8월 05, 2025 14:07:32.67 [11016:14896:0805/140732.670:ERROR:google_apis\gcm\engine\registration_request.cc:291] Registration response error message: QUOTA_EXCEEDED

8월 06, 2025 14:02:13.24 NEW SESSION
8월 06, 2025 14:02:13.26 WARNING: All log messages before absl::InitializeLog() is called are written to STDERR
8월 06, 2025 14:02:13.28 I0000 00:00:1754456533.247895   14480 voice_transcription.cc:58] Registering VoiceTranscriptionCapability
8월 06, 2025 14:02:13.47 Created TensorFlow Lite XNNPACK delegate for CPU.
8월 06, 2025 14:02:13.48 [4104:14764:0806/140213.484:ERROR:google_apis\gcm\engine\registration_request.cc:291] Registration response error message: DEPRECATED_ENDPOINT
8월 06, 2025 14:02:35.63 [4104:14764:0806/140235.631:ERROR:google_apis\gcm\engine\registration_request.cc:291] Registration response error message: QUOTA_EXCEEDED
8월 06, 2025 14:05:14.35 [4104:14764:0806/140514.357:ERROR:google_apis\gcm\engine\connection_factory_impl.cc:483] ConnectionHandler failed with net error: -2
8월 06, 2025 17:44:27.14 WARNING: All log messages before absl::InitializeLog() is called are written to STDERR
8월 06, 2025 17:44:27.14 I0000 00:00:1754469867.143081     972 voice_transcription.cc:58] Registering VoiceTranscriptionCapability
8월 06, 2025 17:44:27.17 Created TensorFlow Lite XNNPACK delegate for CPU.
8월 06, 2025 17:44:27.38 [13004:15456:0806/174427.386:ERROR:google_apis\gcm\engine\registration_request.cc:291] Registration response error message: DEPRECATED_ENDPOINT
8월 06, 2025 17:44:48.48 [13004:15456:0806/174448.487:ERROR:google_apis\gcm\engine\registration_request.cc:291] Registration response error message: DEPRECATED_ENDPOINT

8월 07, 2025 14:56:56.56 NEW SESSION
8월 07, 2025 14:56:56.57 WARNING: All log messages before absl::InitializeLog() is called are written to STDERR
8월 07, 2025 14:56:56.58 I0000 00:00:1754546216.554712    7984 voice_transcription.cc:58] Registering VoiceTranscriptionCapability
8월 07, 2025 14:56:56.68 Created TensorFlow Lite XNNPACK delegate for CPU.
8월 07, 2025 14:56:56.77 [10096:10292:0807/145656.778:ERROR:google_apis\gcm\engine\registration_request.cc:291] Registration response error message: DEPRECATED_ENDPOINT
8월 07, 2025 14:57:24.38 [10096:10292:0807/145724.384:ERROR:google_apis\gcm\engine\registration_request.cc:291] Registration response error message: DEPRECATED_ENDPOINT
8월 07, 2025 14:58:18.94 [10096:10292:0807/145818.944:ERROR:google_apis\gcm\engine\registration_request.cc:291] Registration response error message: DEPRECATED_ENDPOINT
8월 07, 2025 14:59:57.85 [10096:10292:0807/145957.856:ERROR:google_apis\gcm\engine\registration_request.cc:291] Registration response error message: DEPRECATED_ENDPOINT
8월 07, 2025 15:03:48.03 [10096:10292:0807/150348.031:ERROR:google_apis\gcm\engine\registration_request.cc:291] Registration response error message: DEPRECATED_ENDPOINT
8월 07, 2025 15:10:52.09 [10096:10292:0807/151052.097:ERROR:google_apis\gcm\engine\registration_request.cc:291] Registration response error message: DEPRECATED_ENDPOINT
8월 07, 2025 15:12:46.10 [10096:6364:0807/151246.103:ERROR:mojo\public\cpp\bindings\lib\interface_endpoint_client.cc:732] Message 0 rejected by interface blink.mojom.WidgetHost
8월 07, 2025 15:56:24.67 [10096:6364:0807/155624.673:ERROR:mojo\public\cpp\bindings\lib\interface_endpoint_client.cc:732] Message 0 rejected by interface blink.mojom.WidgetHost

8월 08, 2025 14:09:57.13 NEW SESSION
8월 08, 2025 14:09:57.14 WARNING: All log messages before absl::InitializeLog() is called are written to STDERR
8월 08, 2025 14:09:57.15 I0000 00:00:1754629797.121407   13332 voice_transcription.cc:58] Registering VoiceTranscriptionCapability
8월 08, 2025 14:09:57.15 Created TensorFlow Lite XNNPACK delegate for CPU.
8월 08, 2025 14:09:57.36 [5808:7732:0808/140957.361:ERROR:google_apis\gcm\engine\registration_request.cc:291] Registration response error message: DEPRECATED_ENDPOINT
8월 08, 2025 14:10:24.61 [5808:7732:0808/141024.619:ERROR:google_apis\gcm\engine\registration_request.cc:291] Registration response error message: DEPRECATED_ENDPOINT
8월 08, 2025 14:11:24.40 [5808:7732:0808/141124.405:ERROR:google_apis\gcm\engine\registration_request.cc:291] Registration response error message: DEPRECATED_ENDPOINT
8월 08, 2025 14:13:03.95 [5808:7732:0808/141303.959:ERROR:google_apis\gcm\engine\registration_request.cc:291] Registration response error message: DEPRECATED_ENDPOINT
8월 08, 2025 14:16:02.05 [5808:7732:0808/141602.057:ERROR:google_apis\gcm\engine\registration_request.cc:291] Registration response error message: DEPRECATED_ENDPOINT
8월 08, 2025 14:23:46.72 [5808:7732:0808/142346.728:ERROR:google_apis\gcm\engine\registration_request.cc:291] Registration response error message: DEPRECATED_ENDPOINT
8월 08, 2025 16:36:03.42 [5808:15532:0808/163603.424:ERROR:components\device_event_log\device_event_log_impl.cc:198] [16:36:03.425] Bluetooth: bluetooth_adapter_winrt.cc:1054 Getting Default Adapter failed.
8월 08, 2025 16:41:28.58 WARNING: All log messages before absl::InitializeLog() is called are written to STDERR
8월 08, 2025 16:41:28.58 I0000 00:00:1754638888.588490   15392 voice_transcription.cc:58] Registering VoiceTranscriptionCapability
8월 08, 2025 16:41:28.61 Created TensorFlow Lite XNNPACK delegate for CPU.
8월 08, 2025 16:41:28.81 [16608:7368:0808/164128.812:ERROR:google_apis\gcm\engine\registration_request.cc:291] Registration response error message: DEPRECATED_ENDPOINT
8월 08, 2025 16:41:52.06 [16608:7368:0808/164152.068:ERROR:google_apis\gcm\engine\registration_request.cc:291] Registration response error message: DEPRECATED_ENDPOINT
8월 08, 2025 16:42:47.28 [16608:7368:0808/164247.284:ERROR:google_apis\gcm\engine\registration_request.cc:291] Registration response error message: DEPRECATED_ENDPOINT
8월 08, 2025 16:44:30.52 [16608:7368:0808/164430.528:ERROR:google_apis\gcm\engine\registration_request.cc:291] Registration response error message: DEPRECATED_ENDPOINT
8월 08, 2025 16:48:14.48 [16608:7368:0808/164814.485:ERROR:google_apis\gcm\engine\registration_request.cc:291] Registration response error message: DEPRECATED_ENDPOINT
8월 08, 2025 16:56:06.85 [16608:7368:0808/165606.856:ERROR:google_apis\gcm\engine\registration_request.cc:291] Registration response error message: DEPRECATED_ENDPOINT

8월 11, 2025 13:58:43.35 NEW SESSION
8월 11, 2025 13:58:43.36 WARNING: All log messages before absl::InitializeLog() is called are written to STDERR
8월 11, 2025 13:58:43.36 I0000 00:00:1754888323.350800    5464 voice_transcription.cc:58] Registering VoiceTranscriptionCapability
8월 11, 2025 13:58:43.37 Created TensorFlow Lite XNNPACK delegate for CPU.
8월 11, 2025 13:58:43.65 [7160:7780:0811/135843.652:ERROR:google_apis\gcm\engine\registration_request.cc:291] Registration response error message: QUOTA_EXCEEDED
8월 11, 2025 15:01:09.45 WARNING: All log messages before absl::InitializeLog() is called are written to STDERR
8월 11, 2025 15:01:09.45 I0000 00:00:1754892069.455021   12148 voice_transcription.cc:58] Registering VoiceTranscriptionCapability
8월 11, 2025 15:01:09.47 Created TensorFlow Lite XNNPACK delegate for CPU.
8월 11, 2025 15:01:09.77 [3140:7680:0811/150109.772:ERROR:google_apis\gcm\engine\registration_request.cc:291] Registration response error message: DEPRECATED_ENDPOINT
8월 11, 2025 15:01:37.59 [3140:7680:0811/150137.593:ERROR:google_apis\gcm\engine\registration_request.cc:291] Registration response error message: DEPRECATED_ENDPOINT
8월 11, 2025 15:02:37.45 [3140:7680:0811/150237.455:ERROR:google_apis\gcm\engine\registration_request.cc:291] Registration response error message: DEPRECATED_ENDPOINT
8월 11, 2025 15:04:37.47 [3140:7680:0811/150437.478:ERROR:google_apis\gcm\engine\registration_request.cc:291] Registration response error message: DEPRECATED_ENDPOINT
8월 11, 2025 15:07:20.07 [3140:7680:0811/150720.073:ERROR:google_apis\gcm\engine\registration_request.cc:291] Registration response error message: DEPRECATED_ENDPOINT
8월 11, 2025 15:14:27.93 [3140:7680:0811/151427.939:ERROR:google_apis\gcm\engine\registration_request.cc:291] Registration response error message: DEPRECATED_ENDPOINT

8월 28, 2025 15:58:10.95 NEW SESSION
8월 28, 2025 15:58:10.98 WARNING: All log messages before absl::InitializeLog() is called are written to STDERR
8월 28, 2025 15:58:10.98 I0000 00:00:1756364290.954623    9580 voice_transcription.cc:58] Registering VoiceTranscriptionCapability
8월 28, 2025 15:58:10.98 Created TensorFlow Lite XNNPACK delegate for CPU.
8월 28, 2025 15:58:11.25 [9672:6896:0828/155811.251:ERROR:google_apis\gcm\engine\registration_request.cc:291] Registration response error message: DEPRECATED_ENDPOINT
8월 28, 2025 15:58:38.95 [9672:6896:0828/155838.953:ERROR:google_apis\gcm\engine\registration_request.cc:291] Registration response error message: QUOTA_EXCEEDED
8월 28, 2025 16:14:10.98 WARNING: All log messages before absl::InitializeLog() is called are written to STDERR
8월 28, 2025 16:14:10.98 I0000 00:00:1756365250.986561    1920 voice_transcription.cc:58] Registering VoiceTranscriptionCapability
8월 28, 2025 16:14:11.00 Created TensorFlow Lite XNNPACK delegate for CPU.
8월 28, 2025 16:14:11.39 [2244:2620:0828/161411.396:ERROR:google_apis\gcm\engine\registration_request.cc:291] Registration response error message: DEPRECATED_ENDPOINT
8월 28, 2025 16:14:40.38 [2244:2620:0828/161440.381:ERROR:google_apis\gcm\engine\registration_request.cc:291] Registration response error message: DEPRECATED_ENDPOINT
8월 28, 2025 16:15:33.94 [2244:2620:0828/161533.943:ERROR:google_apis\gcm\engine\registration_request.cc:291] Registration response error message: QUOTA_EXCEEDED
8월 28, 2025 16:25:22.74 WARNING: All log messages before absl::InitializeLog() is called are written to STDERR
8월 28, 2025 16:25:22.74 I0000 00:00:1756365922.746856   15640 voice_transcription.cc:58] Registering VoiceTranscriptionCapability
8월 28, 2025 16:25:22.76 Created TensorFlow Lite XNNPACK delegate for CPU.
8월 28, 2025 16:25:23.02 [12792:11052:0828/162523.023:ERROR:google_apis\gcm\engine\registration_request.cc:291] Registration response error message: DEPRECATED_ENDPOINT
8월 28, 2025 16:25:47.34 [12792:11052:0828/162547.340:ERROR:google_apis\gcm\engine\registration_request.cc:291] Registration response error message: DEPRECATED_ENDPOINT
8월 28, 2025 16:26:30.90 [12792:11052:0828/162630.903:ERROR:google_apis\gcm\engine\registration_request.cc:291] Registration response error message: DEPRECATED_ENDPOINT
8월 28, 2025 16:27:55.73 [12792:11052:0828/162755.732:ERROR:google_apis\gcm\engine\registration_request.cc:291] Registration response error message: DEPRECATED_ENDPOINT
8월 28, 2025 16:31:01.80 [12792:11052:0828/163101.800:ERROR:google_apis\gcm\engine\registration_request.cc:291] Registration response error message: DEPRECATED_ENDPOINT
8월 28, 2025 16:37:10.17 [12792:11052:0828/163710.173:ERROR:google_apis\gcm\engine\registration_request.cc:291] Registration response error message: DEPRECATED_ENDPOINT

8월 29, 2025 13:54:07.27 NEW SESSION
8월 29, 2025 13:54:07.29 WARNING: All log messages before absl::InitializeLog() is called are written to STDERR
8월 29, 2025 13:54:07.30 I0000 00:00:1756443247.264066    9788 voice_transcription.cc:58] Registering VoiceTranscriptionCapability
8월 29, 2025 13:54:07.30 Created TensorFlow Lite XNNPACK delegate for CPU.
8월 29, 2025 13:54:07.51 [10400:7840:0829/135407.514:ERROR:google_apis\gcm\engine\registration_request.cc:291] Registration response error message: DEPRECATED_ENDPOINT
8월 29, 2025 13:54:28.20 [10400:7840:0829/135428.204:ERROR:google_apis\gcm\engine\registration_request.cc:291] Registration response error message: QUOTA_EXCEEDED

9월 01, 2025 13:53:09.13 NEW SESSION
9월 01, 2025 13:53:09.14 WARNING: All log messages before absl::InitializeLog() is called are written to STDERR
9월 01, 2025 13:53:09.15 I0000 00:00:1756702389.132331    2832 voice_transcription.cc:58] Registering VoiceTranscriptionCapability
9월 01, 2025 13:53:09.16 Created TensorFlow Lite XNNPACK delegate for CPU.
9월 01, 2025 13:53:09.37 [12532:11708:0901/135309.372:ERROR:google_apis\gcm\engine\registration_request.cc:291] Registration response error message: DEPRECATED_ENDPOINT
9월 01, 2025 13:53:33.42 [12532:11708:0901/135333.420:ERROR:google_apis\gcm\engine\registration_request.cc:291] Registration response error message: QUOTA_EXCEEDED
9월 01, 2025 16:01:40.93 WARNING: All log messages before absl::InitializeLog() is called are written to STDERR
9월 01, 2025 16:01:40.93 I0000 00:00:1756710100.938180   10512 voice_transcription.cc:58] Registering VoiceTranscriptionCapability
9월 01, 2025 16:01:40.96 Created TensorFlow Lite XNNPACK delegate for CPU.
9월 01, 2025 16:01:41.16 [1140:2344:0901/160141.161:ERROR:google_apis\gcm\engine\registration_request.cc:291] Registration response error message: QUOTA_EXCEEDED

9월 02, 2025 14:28:31.97 NEW SESSION
9월 02, 2025 14:28:31.99 WARNING: All log messages before absl::InitializeLog() is called are written to STDERR
9월 02, 2025 14:28:32.00 I0000 00:00:1756790911.975693   12088 voice_transcription.cc:58] Registering VoiceTranscriptionCapability
9월 02, 2025 14:28:32.00 Created TensorFlow Lite XNNPACK delegate for CPU.
9월 02, 2025 14:28:32.24 [9028:3928:0902/142832.249:ERROR:google_apis\gcm\engine\registration_request.cc:291] Registration response error message: DEPRECATED_ENDPOINT
9월 02, 2025 14:28:58.41 [9028:3928:0902/142858.415:ERROR:google_apis\gcm\engine\registration_request.cc:291] Registration response error message: DEPRECATED_ENDPOINT
9월 02, 2025 14:29:42.40 [9028:3928:0902/142942.403:ERROR:google_apis\gcm\engine\registration_request.cc:291] Registration response error message: QUOTA_EXCEEDED
9월 02, 2025 16:40:43.20 WARNING: All log messages before absl::InitializeLog() is called are written to STDERR
9월 02, 2025 16:40:43.20 I0000 00:00:1756798843.206307   11140 voice_transcription.cc:58] Registering VoiceTranscriptionCapability
9월 02, 2025 16:40:43.24 Created TensorFlow Lite XNNPACK delegate for CPU.
9월 02, 2025 16:40:43.44 [10260:9864:0902/164043.448:ERROR:google_apis\gcm\engine\registration_request.cc:291] Registration response error message: QUOTA_EXCEEDED
9월 02, 2025 20:58:57.65 [10260:9864:0902/205857.652:ERROR:google_apis\gcm\engine\connection_factory_impl.cc:483] ConnectionHandler failed with net error: -2
9월 03, 2025 08:32:56.47 [10260:9864:0903/083256.356:ERROR:google_apis\gcm\engine\connection_factory_impl.cc:483] ConnectionHandler failed with net error: -2
9월 03, 2025 08:32:58.34 [10260:9864:0903/083258.348:ERROR:google_apis\gcm\engine\connection_factory_impl.cc:434] Failed to connect to MCS endpoint with error -106
9월 03, 2025 08:33:24.78 [10260:3012:0903/083324.780:ERROR:components\system_cpu\cpu_probe_win.cc:134] PdhGetFormattedCounterValue failed: Error (0x13D) while retrieving error. (0x800007D6)

9월 03, 2025 15:10:56.72 NEW SESSION
9월 03, 2025 15:10:56.74 WARNING: All log messages before absl::InitializeLog() is called are written to STDERR
9월 03, 2025 15:10:56.74 I0000 00:00:1756879856.725591    6536 voice_transcription.cc:58] Registering VoiceTranscriptionCapability
9월 03, 2025 15:10:56.75 Created TensorFlow Lite XNNPACK delegate for CPU.
9월 03, 2025 15:10:56.96 [7472:1796:0903/151056.961:ERROR:google_apis\gcm\engine\registration_request.cc:291] Registration response error message: DEPRECATED_ENDPOINT
9월 03, 2025 15:11:17.85 [7472:1796:0903/151117.853:ERROR:google_apis\gcm\engine\registration_request.cc:291] Registration response error message: QUOTA_EXCEEDED

9월 04, 2025 14:03:52.39 NEW SESSION
9월 04, 2025 14:03:52.40 WARNING: All log messages before absl::InitializeLog() is called are written to STDERR
9월 04, 2025 14:03:52.41 I0000 00:00:1756962232.382910   15644 voice_transcription.cc:58] Registering VoiceTranscriptionCapability
9월 04, 2025 14:03:52.41 Created TensorFlow Lite XNNPACK delegate for CPU.
9월 04, 2025 14:03:52.53 [7320:4064:0904/140352.538:ERROR:google_apis\gcm\engine\registration_request.cc:291] Registration response error message: DEPRECATED_ENDPOINT
9월 04, 2025 14:04:22.26 [7320:4064:0904/140422.264:ERROR:google_apis\gcm\engine\registration_request.cc:291] Registration response error message: DEPRECATED_ENDPOINT
9월 04, 2025 14:05:12.17 [7320:4064:0904/140512.177:ERROR:google_apis\gcm\engine\registration_request.cc:291] Registration response error message: DEPRECATED_ENDPOINT
9월 04, 2025 14:07:00.77 [7320:4064:0904/140700.775:ERROR:google_apis\gcm\engine\registration_request.cc:291] Registration response error message: DEPRECATED_ENDPOINT
9월 04, 2025 14:40:22.50 WARNING: All log messages before absl::InitializeLog() is called are written to STDERR
9월 04, 2025 14:40:22.50 I0000 00:00:1756964422.507523   10268 voice_transcription.cc:58] Registering VoiceTranscriptionCapability
9월 04, 2025 14:40:22.53 Created TensorFlow Lite XNNPACK delegate for CPU.
9월 04, 2025 14:40:22.88 [1540:12908:0904/144022.888:ERROR:google_apis\gcm\engine\registration_request.cc:291] Registration response error message: DEPRECATED_ENDPOINT
9월 04, 2025 14:40:47.59 [1540:12908:0904/144047.599:ERROR:google_apis\gcm\engine\registration_request.cc:291] Registration response error message: QUOTA_EXCEEDED
9월 04, 2025 19:18:35.09 [1540:12908:0904/191835.095:ERROR:google_apis\gcm\engine\connection_factory_impl.cc:483] ConnectionHandler failed with net error: -2

9월 04, 2025 20:59:09.94 NEW SESSION
9월 04, 2025 20:59:09.95 WARNING: All log messages before absl::InitializeLog() is called are written to STDERR
9월 04, 2025 20:59:09.95 I0000 00:00:1756987149.949648    1464 voice_transcription.cc:58] Registering VoiceTranscriptionCapability
9월 04, 2025 20:59:09.98 Created TensorFlow Lite XNNPACK delegate for CPU.
9월 04, 2025 20:59:10.18 [15816:1584:0904/205910.185:ERROR:google_apis\gcm\engine\registration_request.cc:291] Registration response error message: DEPRECATED_ENDPOINT
9월 04, 2025 21:34:35.25 WARNING: All log messages before absl::InitializeLog() is called are written to STDERR
9월 04, 2025 21:34:35.25 I0000 00:00:1756989275.255705   17604 voice_transcription.cc:58] Registering VoiceTranscriptionCapability
9월 04, 2025 21:34:35.29 Created TensorFlow Lite XNNPACK delegate for CPU.
9월 04, 2025 21:34:35.47 [628:4376:0904/213435.477:ERROR:google_apis\gcm\engine\registration_request.cc:291] Registration response error message: QUOTA_EXCEEDED
9월 04, 2025 21:37:32.39 WARNING: All log messages before absl::InitializeLog() is called are written to STDERR
9월 04, 2025 21:37:32.39 I0000 00:00:1756989452.391439   11192 voice_transcription.cc:58] Registering VoiceTranscriptionCapability
9월 04, 2025 21:37:32.43 Created TensorFlow Lite XNNPACK delegate for CPU.
9월 04, 2025 21:37:32.58 [17508:8068:0904/213732.587:ERROR:google_apis\gcm\engine\registration_request.cc:291] Registration response error message: QUOTA_EXCEEDED

9월 05, 2025 18:39:30.53 NEW SESSION
9월 05, 2025 18:39:30.54 WARNING: All log messages before absl::InitializeLog() is called are written to STDERR
9월 05, 2025 18:39:30.55 I0000 00:00:1757065170.537786    3784 voice_transcription.cc:58] Registering VoiceTranscriptionCapability
9월 05, 2025 18:39:30.57 Created TensorFlow Lite XNNPACK delegate for CPU.
9월 05, 2025 18:39:30.75 [3780:8640:0905/183930.754:ERROR:google_apis\gcm\engine\registration_request.cc:291] Registration response error message: QUOTA_EXCEEDED

9월 08, 2025 13:51:51.49 NEW SESSION
9월 08, 2025 13:51:51.51 WARNING: All log messages before absl::InitializeLog() is called are written to STDERR
9월 08, 2025 13:51:51.51 I0000 00:00:1757307111.493497   12836 voice_transcription.cc:58] Registering VoiceTranscriptionCapability
9월 08, 2025 13:51:51.54 Created TensorFlow Lite XNNPACK delegate for CPU.
9월 08, 2025 13:51:51.67 [14416:5508:0908/135151.673:ERROR:google_apis\gcm\engine\registration_request.cc:291] Registration response error message: QUOTA_EXCEEDED
9월 08, 2025 15:14:41.30 WARNING: All log messages before absl::InitializeLog() is called are written to STDERR
9월 08, 2025 15:14:41.31 I0000 00:00:1757312081.310497   11592 voice_transcription.cc:58] Registering VoiceTranscriptionCapability
9월 08, 2025 15:14:41.36 Created TensorFlow Lite XNNPACK delegate for CPU.
9월 08, 2025 15:14:41.44 [5388:9596:0908/151441.449:ERROR:google_apis\gcm\engine\registration_request.cc:291] Registration response error message: DEPRECATED_ENDPOINT
9월 08, 2025 15:15:03.51 [5388:9596:0908/151503.519:ERROR:google_apis\gcm\engine\registration_request.cc:291] Registration response error message: DEPRECATED_ENDPOINT
9월 08, 2025 15:15:45.92 [5388:9596:0908/151545.923:ERROR:google_apis\gcm\engine\registration_request.cc:291] Registration response error message: DEPRECATED_ENDPOINT
9월 08, 2025 15:17:18.80 [5388:9596:0908/151718.809:ERROR:google_apis\gcm\engine\registration_request.cc:291] Registration response error message: DEPRECATED_ENDPOINT
9월 08, 2025 15:21:12.66 [5388:9596:0908/152112.665:ERROR:google_apis\gcm\engine\registration_request.cc:291] Registration response error message: DEPRECATED_ENDPOINT
9월 08, 2025 15:27:47.91 [5388:9596:0908/152747.913:ERROR:google_apis\gcm\engine\registration_request.cc:291] Registration response error message: DEPRECATED_ENDPOINT
9월 08, 2025 15:46:54.20 [5388:14112:0908/154654.202:ERROR:components\device_event_log\device_event_log_impl.cc:198] [15:46:54.202] USB: usb_service_win.cc:105 SetupDiGetDeviceProperty({{A45C254E-DF1C-4EFD-8020-67D146A850E0}, 6}) failed: 요소가 없습니다. (0x490)
9월 08, 2025 17:34:40.54 WARNING: All log messages before absl::InitializeLog() is called are written to STDERR
9월 08, 2025 17:34:40.54 I0000 00:00:1757320480.548708   13804 voice_transcription.cc:58] Registering VoiceTranscriptionCapability
9월 08, 2025 17:34:40.58 Created TensorFlow Lite XNNPACK delegate for CPU.
9월 08, 2025 17:34:40.68 [11540:15368:0908/173440.681:ERROR:google_apis\gcm\engine\registration_request.cc:291] Registration response error message: DEPRECATED_ENDPOINT
9월 08, 2025 17:35:10.58 [11540:15368:0908/173510.583:ERROR:google_apis\gcm\engine\registration_request.cc:291] Registration response error message: DEPRECATED_ENDPOINT
9월 08, 2025 17:36:04.56 [11540:15368:0908/173604.564:ERROR:google_apis\gcm\engine\registration_request.cc:291] Registration response error message: DEPRECATED_ENDPOINT
9월 08, 2025 17:37:44.06 [11540:15368:0908/173744.065:ERROR:google_apis\gcm\engine\registration_request.cc:291] Registration response error message: QUOTA_EXCEEDED
9월 08, 2025 18:58:58.38 [11540:11128:0908/185858.381:ERROR:components\device_event_log\device_event_log_impl.cc:198] [18:58:58.381] USB: usb_service_win.cc:105 SetupDiGetDeviceProperty({{A45C254E-DF1C-4EFD-8020-67D146A850E0}, 6}) failed: 요소가 없습니다. (0x490)

9월 17, 2025 19:21:11.04 NEW SESSION
9월 17, 2025 19:21:11.04 Created TensorFlow Lite XNNPACK delegate for CPU.
9월 17, 2025 19:21:11.25 [20268:15628:0917/192111.252:ERROR:google_apis\gcm\engine\registration_request.cc:291] Registration response error message: DEPRECATED_ENDPOINT
9월 17, 2025 19:21:33.74 [20268:15628:0917/192133.748:ERROR:google_apis\gcm\engine\registration_request.cc:291] Registration response error message: DEPRECATED_ENDPOINT
9월 17, 2025 19:22:21.19 [20268:15628:0917/192221.198:ERROR:google_apis\gcm\engine\registration_request.cc:291] Registration response error message: QUOTA_EXCEEDED
9월 17, 2025 19:37:26.06 Created TensorFlow Lite XNNPACK delegate for CPU.
9월 17, 2025 19:37:26.31 [18084:12620:0917/193726.312:ERROR:google_apis\gcm\engine\registration_request.cc:291] Registration response error message: DEPRECATED_ENDPOINT
9월 17, 2025 19:37:51.99 [18084:12620:0917/193751.991:ERROR:google_apis\gcm\engine\registration_request.cc:291] Registration response error message: DEPRECATED_ENDPOINT
9월 17, 2025 19:38:40.27 [18084:12620:0917/193840.271:ERROR:google_apis\gcm\engine\registration_request.cc:291] Registration response error message: DEPRECATED_ENDPOINT
9월 17, 2025 19:40:28.54 [18084:12620:0917/194028.548:ERROR:google_apis\gcm\engine\registration_request.cc:291] Registration response error message: QUOTA_EXCEEDED

9월 18, 2025 14:03:24.43 NEW SESSION
9월 18, 2025 14:03:24.44 Created TensorFlow Lite XNNPACK delegate for CPU.
9월 18, 2025 14:03:24.71 [13200:17260:0918/140324.717:ERROR:google_apis\gcm\engine\registration_request.cc:291] Registration response error message: DEPRECATED_ENDPOINT
9월 18, 2025 14:03:45.40 [13200:17260:0918/140345.402:ERROR:google_apis\gcm\engine\connection_factory_impl.cc:434] Failed to connect to MCS endpoint with error -118
9월 18, 2025 14:03:46.99 [13200:17260:0918/140346.991:ERROR:google_apis\gcm\engine\registration_request.cc:291] Registration response error message: DEPRECATED_ENDPOINT
9월 18, 2025 14:04:31.22 [13200:17260:0918/140431.225:ERROR:google_apis\gcm\engine\connection_factory_impl.cc:434] Failed to connect to MCS endpoint with error -118
9월 18, 2025 14:04:46.29 [13200:17260:0918/140446.292:ERROR:google_apis\gcm\engine\registration_request.cc:291] Registration response error message: DEPRECATED_ENDPOINT
9월 18, 2025 14:06:23.40 [13200:17260:0918/140623.406:ERROR:google_apis\gcm\engine\registration_request.cc:291] Registration response error message: DEPRECATED_ENDPOINT
9월 18, 2025 14:09:23.63 [13200:17260:0918/140923.638:ERROR:google_apis\gcm\engine\registration_request.cc:291] Registration response error message: DEPRECATED_ENDPOINT
9월 18, 2025 14:15:44.63 [13200:17260:0918/141544.639:ERROR:google_apis\gcm\engine\registration_request.cc:291] Registration response error message: QUOTA_EXCEEDED
9월 18, 2025 16:07:40.47 [13200:13784:0918/160740.479:ERROR:mojo\public\cpp\bindings\lib\interface_endpoint_client.cc:732] Message 0 rejected by interface blink.mojom.WidgetHost
9월 18, 2025 16:53:27.21 Created TensorFlow Lite XNNPACK delegate for CPU.
9월 18, 2025 16:53:27.35 [19244:17008:0918/165327.357:ERROR:google_apis\gcm\engine\registration_request.cc:291] Registration response error message: DEPRECATED_ENDPOINT
9월 18, 2025 16:53:49.12 [19244:17008:0918/165349.123:ERROR:google_apis\gcm\engine\registration_request.cc:291] Registration response error message: DEPRECATED_ENDPOINT
9월 18, 2025 16:54:49.00 [19244:17008:0918/165449.005:ERROR:google_apis\gcm\engine\registration_request.cc:291] Registration response error message: QUOTA_EXCEEDED
9월 18, 2025 16:57:23.13 Created TensorFlow Lite XNNPACK delegate for CPU.
9월 18, 2025 16:57:23.23 [11904:2772:0918/165723.232:ERROR:google_apis\gcm\engine\registration_request.cc:291] Registration response error message: DEPRECATED_ENDPOINT
9월 18, 2025 16:57:33.17 Created TensorFlow Lite XNNPACK delegate for CPU.
9월 18, 2025 16:57:33.36 [12372:14224:0918/165733.362:ERROR:google_apis\gcm\engine\registration_request.cc:291] Registration response error message: DEPRECATED_ENDPOINT
9월 18, 2025 16:58:00.93 [12372:14224:0918/165800.936:ERROR:google_apis\gcm\engine\registration_request.cc:291] Registration response error message: DEPRECATED_ENDPOINT
9월 18, 2025 16:58:55.66 [12372:14224:0918/165855.668:ERROR:google_apis\gcm\engine\registration_request.cc:291] Registration response error message: QUOTA_EXCEEDED
9월 18, 2025 18:25:08.23 [12372:7488:0918/182508.238:ERROR:components\device_event_log\device_event_log_impl.cc:198] [18:25:08.238] USB: usb_service_win.cc:105 SetupDiGetDeviceProperty({{A45C254E-DF1C-4EFD-8020-67D146A850E0}, 6}) failed: 요소가 없습니다. (0x490)

9월 19, 2025 15:15:45.42 NEW SESSION
9월 19, 2025 15:15:45.46 Created TensorFlow Lite XNNPACK delegate for CPU.
9월 19, 2025 15:15:45.46 [18452:19504:0919/151545.431:ERROR:google_apis\gcm\engine\registration_request.cc:291] Registration response error message: DEPRECATED_ENDPOINT
9월 19, 2025 15:16:12.64 [18452:19504:0919/151612.647:ERROR:google_apis\gcm\engine\registration_request.cc:291] Registration response error message: QUOTA_EXCEEDED
9월 19, 2025 15:34:59.89 Created TensorFlow Lite XNNPACK delegate for CPU.
9월 19, 2025 15:35:00.01 [2548:17540:0919/153500.016:ERROR:google_apis\gcm\engine\registration_request.cc:291] Registration response error message: DEPRECATED_ENDPOINT
9월 19, 2025 15:35:29.95 [2548:17540:0919/153529.952:ERROR:google_apis\gcm\engine\registration_request.cc:291] Registration response error message: QUOTA_EXCEEDED
9월 19, 2025 16:21:24.39 Created TensorFlow Lite XNNPACK delegate for CPU.
9월 19, 2025 16:21:24.51 [10560:17104:0919/162124.517:ERROR:google_apis\gcm\engine\registration_request.cc:291] Registration response error message: DEPRECATED_ENDPOINT
9월 19, 2025 16:21:52.10 [10560:17104:0919/162152.100:ERROR:google_apis\gcm\engine\registration_request.cc:291] Registration response error message: QUOTA_EXCEEDED
